<?xml version="1.0" encoding="UTF-8" ?>
<testsuite tests="6" failures="0" name="BookServiceImplTest" time="1.402" errors="0" skipped="0">
  <properties>
[...]
</properties>
  <testcase classname="BookServiceImplTest" name="getById" time="0"/>
  <testcase classname="BookServiceImplTest" name="queryById" time="0"/>
  <testcase classname="BookServiceImplTest" name="queryAll" time="0.003"/>
  <testcase classname="BookServiceImplTest" name="addBook" time="1.203"/>
  <testcase classname="BookServiceImplTest" name="updateBook" time="0.083"/>
  <testcase classname="BookServiceImplTest" name="deleteBookById" time="0.113"/>
</testsuite>